{"C:\\Users\\redux\\Epicodus\\Week5\\euler\\src\\sudoku.js": {"path":"C:\\Users\\redux\\Epicodus\\Week5\\euler\\src\\sudoku.js","statementMap":{"0":{"start":{"line":19,"column":2},"end":{"line":19,"column":22}},"1":{"start":{"line":20,"column":2},"end":{"line":20,"column":22}},"2":{"start":{"line":21,"column":2},"end":{"line":21,"column":22}},"3":{"start":{"line":24,"column":0},"end":{"line":30,"column":1}},"4":{"start":{"line":25,"column":2},"end":{"line":29,"column":3}},"5":{"start":{"line":26,"column":4},"end":{"line":26,"column":16}},"6":{"start":{"line":28,"column":4},"end":{"line":28,"column":17}},"7":{"start":{"line":32,"column":0},"end":{"line":42,"column":1}},"8":{"start":{"line":33,"column":14},"end":{"line":33,"column":16}},"9":{"start":{"line":34,"column":2},"end":{"line":34,"column":35}},"10":{"start":{"line":35,"column":2},"end":{"line":35,"column":35}},"11":{"start":{"line":36,"column":2},"end":{"line":36,"column":35}},"12":{"start":{"line":37,"column":2},"end":{"line":41,"column":3}},"13":{"start":{"line":38,"column":4},"end":{"line":38,"column":16}},"14":{"start":{"line":40,"column":4},"end":{"line":40,"column":17}}},"fnMap":{"0":{"name":"Sudoku","decl":{"start":{"line":18,"column":24},"end":{"line":18,"column":30}},"loc":{"start":{"line":18,"column":33},"end":{"line":22,"column":1}},"line":18},"1":{"name":"(anonymous_1)","decl":{"start":{"line":24,"column":38},"end":{"line":24,"column":39}},"loc":{"start":{"line":24,"column":49},"end":{"line":30,"column":1}},"line":24},"2":{"name":"(anonymous_2)","decl":{"start":{"line":32,"column":35},"end":{"line":32,"column":36}},"loc":{"start":{"line":32,"column":46},"end":{"line":42,"column":1}},"line":32}},"branchMap":{"0":{"loc":{"start":{"line":25,"column":2},"end":{"line":29,"column":3}},"type":"if","locations":[{"start":{"line":25,"column":2},"end":{"line":29,"column":3}},{"start":{"line":25,"column":2},"end":{"line":29,"column":3}}],"line":25},"1":{"loc":{"start":{"line":25,"column":6},"end":{"line":25,"column":77}},"type":"binary-expr","locations":[{"start":{"line":25,"column":6},"end":{"line":25,"column":27}},{"start":{"line":25,"column":31},"end":{"line":25,"column":52}},{"start":{"line":25,"column":56},"end":{"line":25,"column":77}}],"line":25},"2":{"loc":{"start":{"line":37,"column":2},"end":{"line":41,"column":3}},"type":"if","locations":[{"start":{"line":37,"column":2},"end":{"line":41,"column":3}},{"start":{"line":37,"column":2},"end":{"line":41,"column":3}}],"line":37},"3":{"loc":{"start":{"line":37,"column":6},"end":{"line":37,"column":65}},"type":"binary-expr","locations":[{"start":{"line":37,"column":6},"end":{"line":37,"column":23}},{"start":{"line":37,"column":27},"end":{"line":37,"column":44}},{"start":{"line":37,"column":48},"end":{"line":37,"column":65}}],"line":37}},"s":{"0":3,"1":3,"2":3,"3":1,"4":1,"5":1,"6":0,"7":1,"8":1,"9":1,"10":1,"11":0,"12":0,"13":0,"14":0},"f":{"0":3,"1":1,"2":1},"b":{"0":[1,0],"1":[1,1,1],"2":[0,0],"3":[0,0,0]},"_coverageSchema":"43e27e138ebf9cfc5966b082cf9a028302ed4184","hash":"08a58a75b13e1475ba7187c766733c255847fce3"}
}
