{"C:\\Users\\redux\\Epicodus\\Week5\\euler\\src\\multiples.js": {"path":"C:\\Users\\redux\\Epicodus\\Week5\\euler\\src\\multiples.js","statementMap":{"0":{"start":{"line":2,"column":24},"end":{"line":2,"column":43}},"1":{"start":{"line":3,"column":2},"end":{"line":3,"column":23}},"2":{"start":{"line":4,"column":2},"end":{"line":4,"column":29}}},"fnMap":{"0":{"name":"divide","decl":{"start":{"line":1,"column":24},"end":{"line":1,"column":30}},"loc":{"start":{"line":1,"column":36},"end":{"line":5,"column":1}},"line":1}},"branchMap":{},"s":{"0":1,"1":1,"2":0},"f":{"0":1},"b":{},"_coverageSchema":"43e27e138ebf9cfc5966b082cf9a028302ed4184","hash":"385e299a28ba66b076cc1ab9465df44b76df8ab3"}
}
