TN:
SF:C:\Users\redux\Epicodus\Week5\euler\src\multiples.js
FN:3,HoldNumbers
FN:10,(anonymous_1)
FN:15,(anonymous_2)
FN:20,(anonymous_3)
FN:27,(anonymous_4)
FN:34,(anonymous_5)
FNF:6
FNH:6
FNDA:5,HoldNumbers
FNDA:3,(anonymous_1)
FNDA:3,(anonymous_2)
FNDA:2,(anonymous_3)
FNDA:2,(anonymous_4)
FNDA:1,(anonymous_5)
DA:4,5
DA:5,5
DA:6,5
DA:7,5
DA:10,1
DA:11,3
DA:12,3
DA:15,1
DA:16,3
DA:17,3
DA:20,1
DA:21,2
DA:22,8
DA:24,2
DA:27,1
DA:28,2
DA:29,5
DA:31,2
DA:34,1
DA:35,1
DA:36,1
DA:37,7
DA:39,1
LF:23
LH:23
BRF:0
BRH:0
end_of_record
